<?xml version="1.0" encoding="UTF-8"?>
<!-- Generated by org.testng.reporters.JUnitReportReporter -->
<testsuite hostname="ATMECSINLT-038" failures="0" tests="16" name="Atmecs.DataProvider.Testing" time="0.086" errors="0" timestamp="22 Aug 2019 09:24:16 GMT" skipped="0">
  <testcase classname="Atmecs.DataProvider.Testing" name="testMethod4" time="0.018"/>
  <testcase classname="Atmecs.DataProvider.Testing" name="testMethod4" time="0.005"/>
  <testcase classname="Atmecs.DataProvider.Testing" name="testMethod4" time="0.007"/>
  <testcase classname="Atmecs.DataProvider.Testing" name="testMethod4" time="0.004"/>
  <testcase classname="Atmecs.DataProvider.Testing" name="testMethod2" time="0.006"/>
  <testcase classname="Atmecs.DataProvider.Testing" name="testMethod2" time="0.005"/>
  <testcase classname="Atmecs.DataProvider.Testing" name="testMethod2" time="0.003"/>
  <testcase classname="Atmecs.DataProvider.Testing" name="testMethod2" time="0.003"/>
  <testcase classname="Atmecs.DataProvider.Testing" name="testMethod1" time="0.004"/>
  <testcase classname="Atmecs.DataProvider.Testing" name="testMethod1" time="0.002"/>
  <testcase classname="Atmecs.DataProvider.Testing" name="testMethod1" time="0.003"/>
  <testcase classname="Atmecs.DataProvider.Testing" name="testMethod1" time="0.009"/>
  <testcase classname="Atmecs.DataProvider.Testing" name="testMethod3" time="0.008"/>
  <testcase classname="Atmecs.DataProvider.Testing" name="testMethod3" time="0.002"/>
  <testcase classname="Atmecs.DataProvider.Testing" name="testMethod3" time="0.003"/>
  <testcase classname="Atmecs.DataProvider.Testing" name="testMethod3" time="0.004"/>
</testsuite> <!-- Atmecs.DataProvider.Testing -->
