<?xml version="1.0" encoding="UTF-8"?>
<!-- Generated by org.testng.reporters.JUnitReportReporter -->
<testsuite hostname="ATMECSINLT-038" failures="0" tests="2" name="provide.Data" time="0.010" errors="0" timestamp="22 Aug 2019 08:52:17 GMT" skipped="0">
  <testcase classname="provide.Data" name="testData" time="0.002"/>
  <testcase classname="provide.Data" name="testData" time="0.008"/>
</testsuite> <!-- provide.Data -->
