<?xml version="1.0" encoding="UTF-8"?>
<!-- Generated by org.testng.reporters.JUnitReportReporter -->
<testsuite hostname="ATMECSINLT-038" failures="0" tests="16" name="Atmecs.DataProvider.Testing" time="0.057" errors="0" timestamp="2019-08-22T14:55:28 IST" skipped="0">
  <testcase classname="Atmecs.DataProvider.Testing" name="testMethod4" time="0.001"/>
  <testcase classname="Atmecs.DataProvider.Testing" name="testMethod4" time="0.002"/>
  <testcase classname="Atmecs.DataProvider.Testing" name="testMethod4" time="0.002"/>
  <testcase classname="Atmecs.DataProvider.Testing" name="testMethod4" time="0.014"/>
  <testcase classname="Atmecs.DataProvider.Testing" name="testMethod2" time="0.002"/>
  <testcase classname="Atmecs.DataProvider.Testing" name="testMethod2" time="0.002"/>
  <testcase classname="Atmecs.DataProvider.Testing" name="testMethod2" time="0.003"/>
  <testcase classname="Atmecs.DataProvider.Testing" name="testMethod2" time="0.004"/>
  <testcase classname="Atmecs.DataProvider.Testing" name="testMethod1" time="0.002"/>
  <testcase classname="Atmecs.DataProvider.Testing" name="testMethod1" time="0.002"/>
  <testcase classname="Atmecs.DataProvider.Testing" name="testMethod1" time="0.001"/>
  <testcase classname="Atmecs.DataProvider.Testing" name="testMethod1" time="0.001"/>
  <testcase classname="Atmecs.DataProvider.Testing" name="testMethod3" time="0.002"/>
  <testcase classname="Atmecs.DataProvider.Testing" name="testMethod3" time="0.002"/>
  <testcase classname="Atmecs.DataProvider.Testing" name="testMethod3" time="0.000"/>
  <testcase classname="Atmecs.DataProvider.Testing" name="testMethod3" time="0.017"/>
</testsuite> <!-- Atmecs.DataProvider.Testing -->
